<?xml version="1.0" encoding="UTF-8"?>
<!-- Generated by org.testng.reporters.JUnitXMLReporter -->
<testsuite ignored="0" hostname="MAC-OBS-36.local" failures="1" tests="1" name="PetStore Tests" time="2.442" errors="0" timestamp="2024-02-15T13:49:38 IST">
  <testcase classname="com.petstore.api.tests.PetsTestcases" name="addPet" time="2.42">
    <failure type="java.lang.NullPointerException">
      <![CDATA[java.lang.NullPointerException
at com.petstore.api.jsonutils.ExtentReportManager.logInfoDetails(ExtentReportManager.java:62)
at com.petstore.api.baseutils.RestApiUtils.printRequestLogInReport(RestApiUtils.java:31)
at com.petstore.api.baseutils.RestApiUtils.performPost(RestApiUtils.java:51)
at com.petstore.api.tests.PetstoreAPIs.createPet(PetstoreAPIs.java:17)
at com.petstore.api.tests.PetsTestcases.addPet(PetsTestcases.java:17)
at java.base/java.util.ArrayList.forEach(ArrayList.java:1541)
... Removed 27 stack frames]]>
    </failure>
  </testcase> <!-- addPet -->
</testsuite> <!-- PetStore Tests -->
